TN:
SF:src/App.tsx
FN:7,App
FNF:1
FNH:1
FNDA:16,App
DA:1,1
DA:7,1
DA:8,16
DA:9,16
DA:11,16
DA:12,16
DA:13,16
DA:14,16
DA:15,16
DA:16,16
DA:17,16
DA:18,16
DA:19,16
DA:20,16
DA:22,16
LF:15
LH:15
BRDA:7,0,0,16
BRDA:16,1,0,1
BRDA:19,2,0,6
BRDA:19,3,0,9
BRF:4
BRH:4
end_of_record
TN:
SF:src/components/AddTodoForm.tsx
FN:8,AddTodoForm
FN:13,handleSubmit
FN:28,onSubmit
FNF:3
FNH:3
FNDA:24,AddTodoForm
FNDA:4,handleSubmit
FNDA:4,onSubmit
DA:1,1
DA:8,1
DA:9,24
DA:10,24
DA:11,24
DA:13,24
DA:14,4
DA:15,4
DA:16,4
DA:17,1
DA:18,1
DA:19,1
DA:20,3
DA:21,4
DA:22,4
DA:23,3
DA:24,3
DA:25,4
DA:27,24
DA:28,24
DA:29,24
DA:30,24
DA:32,24
DA:33,24
DA:34,24
DA:35,24
DA:36,24
DA:38,24
DA:39,24
DA:40,24
DA:41,24
DA:42,24
DA:43,24
DA:45,24
LF:34
LH:34
BRDA:8,0,0,24
BRDA:41,1,0,1
BRDA:13,2,0,4
BRDA:15,3,0,0
BRDA:16,4,0,1
BRDA:19,5,0,3
BRDA:21,6,0,2
BRDA:22,7,0,3
BRDA:28,8,0,4
BRF:9
BRH:8
end_of_record
TN:
SF:src/components/FilterBar.tsx
FN:11,FilterBar
FN:18,onClick
FNF:2
FNH:2
FNDA:22,FilterBar
FNDA:3,onClick
DA:1,1
DA:9,1
DA:11,1
DA:12,22
DA:13,22
DA:14,22
DA:15,66
DA:16,66
DA:17,66
DA:18,66
DA:20,66
DA:21,66
DA:22,22
DA:23,22
DA:25,22
LF:15
LH:15
BRDA:11,0,0,22
BRDA:14,1,0,66
BRDA:17,2,0,22
BRDA:17,3,0,44
BRDA:18,4,0,3
BRF:5
BRH:5
end_of_record
TN:
SF:src/components/TodoItem.tsx
FN:10,TodoItem
FN:26,onClick
FN:33,onClick
FNF:3
FNH:3
FNDA:19,TodoItem
FNDA:1,onClick
FNDA:1,onClick
DA:1,1
DA:10,1
DA:11,19
DA:12,19
DA:13,19
DA:14,19
DA:15,19
DA:16,19
DA:17,19
DA:18,19
DA:19,14
DA:21,19
DA:22,19
DA:23,19
DA:24,19
DA:25,19
DA:26,19
DA:28,19
DA:29,19
DA:30,19
DA:31,19
DA:32,19
DA:33,19
DA:34,19
DA:36,19
DA:37,19
DA:38,19
DA:40,19
LF:28
LH:28
BRDA:10,0,0,19
BRDA:12,1,0,5
BRDA:12,2,0,14
BRDA:14,3,0,5
BRDA:14,4,0,14
BRDA:18,5,0,14
BRDA:18,6,0,14
BRDA:24,7,0,5
BRDA:24,8,0,14
BRDA:28,9,0,5
BRDA:28,10,0,14
BRDA:26,11,0,1
BRDA:33,12,0,1
BRF:13
BRH:13
end_of_record
TN:
SF:src/components/TodoList.tsx
FN:11,TodoList
FNF:1
FNH:1
FNDA:13,TodoList
DA:1,1
DA:11,1
DA:12,13
DA:13,9
DA:14,9
DA:15,4
DA:16,4
DA:17,4
DA:18,4
DA:19,4
DA:20,4
DA:21,4
DA:22,4
DA:23,4
DA:24,4
DA:25,4
DA:26,4
DA:27,7
DA:28,4
DA:29,4
DA:30,4
DA:31,4
DA:33,4
LF:23
LH:23
BRDA:11,0,0,13
BRDA:12,1,0,9
BRDA:14,2,0,4
BRDA:26,3,0,7
BRF:4
BRH:4
end_of_record
TN:
SF:src/hooks/useTodos.ts
FN:16,useTodos
FNF:1
FNH:1
FNDA:43,useTodos
DA:1,1
DA:16,1
DA:17,43
DA:18,43
DA:19,43
DA:20,43
DA:22,43
DA:23,14
DA:24,14
DA:25,14
DA:26,14
DA:27,12
DA:28,14
DA:29,2
DA:30,14
DA:31,14
DA:32,14
DA:33,43
DA:35,43
DA:36,14
DA:37,43
DA:39,43
DA:40,1
DA:41,43
DA:43,43
DA:44,43
DA:45,1
DA:46,1
DA:47,1
DA:48,1
DA:49,43
DA:50,43
DA:52,43
DA:53,1
DA:54,1
DA:55,1
DA:56,43
DA:58,43
DA:59,1
DA:60,1
DA:61,1
DA:62,43
DA:64,43
DA:65,43
LF:44
LH:44
BRDA:16,0,0,43
BRDA:22,1,0,14
BRDA:26,2,0,12
BRDA:28,3,0,2
BRDA:29,4,0,0
BRDA:35,5,0,14
BRDA:39,6,0,1
BRDA:44,7,0,1
BRDA:47,8,0,1
BRDA:52,9,0,1
BRDA:55,10,0,1
BRDA:55,11,0,1
BRDA:55,12,0,0
BRDA:58,13,0,1
BRDA:61,14,0,1
BRDA:61,15,0,1
BRF:16
BRH:14
end_of_record
TN:
SF:src/services/todoService.ts
FN:5,getTodos
FN:12,createTodo
FN:25,toggleTodo
FN:34,deleteTodo
FNF:4
FNH:4
FNDA:7,getTodos
FNDA:3,createTodo
FNDA:3,toggleTodo
FNDA:3,deleteTodo
DA:3,1
DA:5,7
DA:6,7
DA:7,7
DA:8,7
DA:9,6
DA:10,6
DA:12,3
DA:13,3
DA:14,3
DA:15,3
DA:16,3
DA:17,3
DA:18,3
DA:19,1
DA:20,1
DA:21,1
DA:22,2
DA:23,2
DA:25,3
DA:26,3
DA:27,3
DA:28,1
DA:29,1
DA:30,1
DA:31,2
DA:32,2
DA:34,3
DA:35,3
DA:36,3
DA:37,1
DA:38,1
DA:39,1
DA:40,2
DA:41,2
LF:35
LH:35
BRDA:3,0,0,0
BRDA:5,1,0,7
BRDA:6,2,0,5
BRDA:6,3,0,2
BRDA:8,4,0,1
BRDA:8,5,0,6
BRDA:12,6,0,3
BRDA:18,7,0,1
BRDA:21,8,0,2
BRDA:25,9,0,3
BRDA:27,10,0,1
BRDA:30,11,0,2
BRDA:34,12,0,3
BRDA:36,13,0,1
BRDA:39,14,0,2
BRF:15
BRH:14
end_of_record
TN:
SF:src/types/todo.ts
FN:1,(empty-report)
FNF:1
FNH:1
FNDA:1,(empty-report)
LF:0
LH:0
BRDA:1,0,0,1
BRF:1
BRH:1
end_of_record
