TN:
SF:src/App.tsx
FN:6,App
FNF:1
FNH:1
FNDA:12,App
DA:1,1
DA:6,1
DA:7,12
DA:8,12
DA:10,12
DA:11,12
DA:12,12
DA:13,12
DA:14,12
DA:15,12
DA:16,12
DA:17,12
DA:19,12
LF:13
LH:13
BRDA:6,0,0,12
BRDA:13,1,0,1
BRDA:16,2,0,4
BRDA:16,3,0,7
BRF:4
BRH:4
end_of_record
TN:
SF:src/components/AddTodoForm.tsx
FN:7,AddTodoForm
FN:12,handleSubmit
FN:27,onSubmit
FNF:3
FNH:3
FNDA:18,AddTodoForm
FNDA:4,handleSubmit
FNDA:4,onSubmit
DA:1,1
DA:7,1
DA:8,18
DA:9,18
DA:10,18
DA:12,18
DA:13,4
DA:14,4
DA:15,4
DA:16,1
DA:17,1
DA:18,1
DA:19,3
DA:20,4
DA:21,4
DA:22,3
DA:23,3
DA:24,4
DA:26,18
DA:27,18
DA:28,18
DA:30,18
DA:31,18
DA:32,18
DA:34,18
DA:35,18
DA:36,18
DA:37,18
DA:38,18
DA:40,18
LF:30
LH:30
BRDA:7,0,0,18
BRDA:36,1,0,1
BRDA:12,2,0,4
BRDA:14,3,0,0
BRDA:15,4,0,1
BRDA:18,5,0,3
BRDA:20,6,0,2
BRDA:21,7,0,3
BRDA:27,8,0,4
BRF:9
BRH:8
end_of_record
TN:
SF:src/components/FilterBar.tsx
FN:10,FilterBar
FN:17,onClick
FNF:2
FNH:2
FNDA:16,FilterBar
FNDA:3,onClick
DA:1,1
DA:8,1
DA:10,1
DA:11,16
DA:12,16
DA:13,16
DA:14,48
DA:15,48
DA:16,48
DA:17,48
DA:19,48
DA:20,48
DA:21,16
DA:22,16
DA:24,16
LF:15
LH:15
BRDA:10,0,0,16
BRDA:13,1,0,48
BRDA:16,2,0,16
BRDA:16,3,0,32
BRDA:17,4,0,3
BRF:5
BRH:5
end_of_record
TN:
SF:src/components/TodoItem.tsx
FN:9,TodoItem
FN:16,onClick
FN:19,onClick
FNF:3
FNH:3
FNDA:14,TodoItem
FNDA:1,onClick
FNDA:1,onClick
DA:1,1
DA:9,1
DA:10,14
DA:11,14
DA:12,14
DA:13,14
DA:14,10
DA:16,14
DA:18,14
DA:19,14
DA:21,14
DA:22,14
DA:24,14
LF:13
LH:13
BRDA:9,0,0,14
BRDA:11,1,0,3
BRDA:11,2,0,11
BRDA:13,3,0,10
BRDA:13,4,0,10
BRDA:16,5,0,1
BRDA:19,6,0,1
BRF:7
BRH:7
end_of_record
TN:
SF:src/components/TodoList.tsx
FN:10,TodoList
FNF:1
FNH:1
FNDA:10,TodoList
DA:1,1
DA:10,1
DA:11,10
DA:12,7
DA:13,7
DA:14,3
DA:15,3
DA:16,3
DA:17,5
DA:18,5
DA:19,5
DA:20,3
DA:21,3
DA:23,3
LF:14
LH:14
BRDA:10,0,0,10
BRDA:11,1,0,7
BRDA:13,2,0,3
BRDA:16,3,0,5
BRF:4
BRH:4
end_of_record
TN:
SF:src/hooks/useTodos.ts
FN:16,useTodos
FNF:1
FNH:1
FNDA:39,useTodos
DA:1,1
DA:16,1
DA:17,39
DA:18,39
DA:19,39
DA:20,39
DA:22,39
DA:23,12
DA:24,12
DA:25,12
DA:26,12
DA:27,10
DA:28,12
DA:29,2
DA:30,12
DA:31,12
DA:32,12
DA:33,39
DA:35,39
DA:36,12
DA:37,39
DA:39,39
DA:40,1
DA:41,39
DA:43,39
DA:44,39
DA:45,1
DA:46,1
DA:47,1
DA:48,1
DA:49,39
DA:50,39
DA:52,39
DA:53,1
DA:54,1
DA:55,1
DA:56,39
DA:58,39
DA:59,1
DA:60,1
DA:61,1
DA:62,39
DA:64,39
DA:65,39
LF:44
LH:44
BRDA:16,0,0,39
BRDA:22,1,0,12
BRDA:26,2,0,10
BRDA:28,3,0,2
BRDA:29,4,0,0
BRDA:35,5,0,12
BRDA:39,6,0,1
BRDA:44,7,0,1
BRDA:47,8,0,1
BRDA:52,9,0,1
BRDA:55,10,0,1
BRDA:55,11,0,1
BRDA:55,12,0,0
BRDA:58,13,0,1
BRDA:61,14,0,1
BRDA:61,15,0,1
BRF:16
BRH:14
end_of_record
TN:
SF:src/services/todoService.ts
FN:5,getTodos
FN:12,createTodo
FN:25,toggleTodo
FN:34,deleteTodo
FNF:4
FNH:4
FNDA:7,getTodos
FNDA:3,createTodo
FNDA:3,toggleTodo
FNDA:3,deleteTodo
DA:3,1
DA:5,7
DA:6,7
DA:7,7
DA:8,7
DA:9,6
DA:10,6
DA:12,3
DA:13,3
DA:14,3
DA:15,3
DA:16,3
DA:17,3
DA:18,3
DA:19,1
DA:20,1
DA:21,1
DA:22,2
DA:23,2
DA:25,3
DA:26,3
DA:27,3
DA:28,1
DA:29,1
DA:30,1
DA:31,2
DA:32,2
DA:34,3
DA:35,3
DA:36,3
DA:37,1
DA:38,1
DA:39,1
DA:40,2
DA:41,2
LF:35
LH:35
BRDA:5,0,0,7
BRDA:6,1,0,5
BRDA:6,2,0,2
BRDA:8,3,0,1
BRDA:8,4,0,6
BRDA:12,5,0,3
BRDA:18,6,0,1
BRDA:21,7,0,2
BRDA:25,8,0,3
BRDA:27,9,0,1
BRDA:30,10,0,2
BRDA:34,11,0,3
BRDA:36,12,0,1
BRDA:39,13,0,2
BRF:14
BRH:14
end_of_record
TN:
SF:src/types/todo.ts
FN:1,(empty-report)
FNF:1
FNH:1
FNDA:1,(empty-report)
LF:0
LH:0
BRDA:1,0,0,1
BRF:1
BRH:1
end_of_record
